<?xml version="1.0" encoding="UTF-8"?>
<testng-results skipped="0" failed="0" ignored="0" total="1" passed="1">
  <reporter-output>
  </reporter-output>
  <suite name="Suite" duration-ms="2019" started-at="2019-04-25T03:52:16Z" finished-at="2019-04-25T03:52:18Z">
    <groups>
    </groups>
    <test name="Test" duration-ms="2019" started-at="2019-04-25T03:52:16Z" finished-at="2019-04-25T03:52:18Z">
      <class name="restassured.restassured.PostTest">
        <test-method status="PASS" signature="testRestA()[pri:0, instance:restassured.restassured.PostTest@482f8f11]" name="testRestA" duration-ms="1971" started-at="2019-04-25T03:52:16Z" finished-at="2019-04-25T03:52:18Z">
          <reporter-output>
          </reporter-output>
        </test-method> <!-- testRestA -->
      </class> <!-- restassured.restassured.PostTest -->
    </test> <!-- Test -->
  </suite> <!-- Suite -->
</testng-results>
